<?xml version="1.0" encoding="UTF-8"?>
<!-- Generated by org.testng.reporters.JUnitXMLReporter -->
<testsuite hostname="HPDA0056" name="Default test" tests="5" failures="0" timestamp="27 Jul 2018 13:55:14 GMT" time="31.639" errors="0">
  <testcase name="test001_LaunchBrowser" time="28.317" classname="rashi.tatocjs.Testtat"/>
  <testcase name="test002_BasicCourse" time="0.841" classname="rashi.tatocjs.Testtat"/>
  <testcase name="test003_redBox" time="0.177" classname="rashi.tatocjs.Testtat"/>
  <testcase name="test004_GreenBox" time="1.065" classname="rashi.tatocjs.Testtat"/>
  <testcase name="test005_testFrame" time="1.212" classname="rashi.tatocjs.Testtat"/>
</testsuite> <!-- Default test -->
