<?xml version="1.0" encoding="UTF-8"?>
<testng-results skipped="0" failed="0" total="5" passed="5">
  <reporter-output>
    <line>
      <![CDATA[Application Lauched successfully | ]]>
    </line>
    <line>
      <![CDATA[Application Lauched successfully | ]]>
    </line>
    <line>
      <![CDATA[Application Lauched successfully | ]]>
    </line>
    <line>
      <![CDATA[Application Lauched successfully | ]]>
    </line>
    <line>
      <![CDATA[Application Lauched successfully | ]]>
    </line>
  </reporter-output>
  <suite name="Default suite" duration-ms="31639" started-at="2018-07-27T13:54:42Z" finished-at="2018-07-27T13:55:14Z">
    <groups>
    </groups>
    <test name="Default test" duration-ms="31639" started-at="2018-07-27T13:54:42Z" finished-at="2018-07-27T13:55:14Z">
      <class name="rashi.tatocjs.Testtat">
        <test-method status="PASS" signature="test001_LaunchBrowser()[pri:0, instance:rashi.tatocjs.Testtat@e45eb6]" name="test001_LaunchBrowser" duration-ms="28317" started-at="2018-07-27T19:24:42Z" finished-at="2018-07-27T19:25:10Z">
          <reporter-output>
            <line>
              <![CDATA[Application Lauched successfully | ]]>
            </line>
          </reporter-output>
        </test-method> <!-- test001_LaunchBrowser -->
        <test-method status="PASS" signature="test002_BasicCourse()[pri:0, instance:rashi.tatocjs.Testtat@e45eb6]" name="test002_BasicCourse" duration-ms="841" started-at="2018-07-27T19:25:10Z" finished-at="2018-07-27T19:25:11Z">
          <reporter-output>
            <line>
              <![CDATA[Application Lauched successfully | ]]>
            </line>
          </reporter-output>
        </test-method> <!-- test002_BasicCourse -->
        <test-method status="PASS" signature="test003_redBox()[pri:0, instance:rashi.tatocjs.Testtat@e45eb6]" name="test003_redBox" duration-ms="177" started-at="2018-07-27T19:25:11Z" finished-at="2018-07-27T19:25:11Z">
          <reporter-output>
            <line>
              <![CDATA[Application Lauched successfully | ]]>
            </line>
          </reporter-output>
        </test-method> <!-- test003_redBox -->
        <test-method status="PASS" signature="test004_GreenBox()[pri:0, instance:rashi.tatocjs.Testtat@e45eb6]" name="test004_GreenBox" duration-ms="1065" started-at="2018-07-27T19:25:11Z" finished-at="2018-07-27T19:25:12Z">
          <reporter-output>
            <line>
              <![CDATA[Application Lauched successfully | ]]>
            </line>
          </reporter-output>
        </test-method> <!-- test004_GreenBox -->
        <test-method status="PASS" signature="test005_testFrame()[pri:0, instance:rashi.tatocjs.Testtat@e45eb6]" name="test005_testFrame" duration-ms="1212" started-at="2018-07-27T19:25:12Z" finished-at="2018-07-27T19:25:14Z">
          <reporter-output>
            <line>
              <![CDATA[Application Lauched successfully | ]]>
            </line>
          </reporter-output>
        </test-method> <!-- test005_testFrame -->
      </class> <!-- rashi.tatocjs.Testtat -->
    </test> <!-- Default test -->
  </suite> <!-- Default suite -->
</testng-results>
